<?xml version="1.0" encoding="UTF-8"?>
<!-- Generated by org.testng.reporters.JUnitXMLReporter -->
<testsuite ignored="0" hostname="luffy" failures="0" tests="5" name="Test" time="38.741" errors="0" timestamp="2025-12-23T19:07:29 IST">
  <testcase classname="testclasses.InstagramSignUp" name="instagramSingUp" time="5.21"/>
  <testcase classname="testclasses.InstagramSignUp" name="instagramSingUp" time="5.06"/>
  <testcase classname="testclasses.InstagramSignUp" name="instagramSingUp" time="6.729"/>
  <testcase classname="testclasses.LoginFaceBook" name="instagramLandinOnPage" time="1.833"/>
  <testcase classname="testclasses.LoginFaceBook" name="instagramSignUp" time="2.744"/>
</testsuite> <!-- Test -->
